D:\RA207PROJ\PROJEKAT\MODEL0\DEBUG\MODEL0.EXE
D:\RA207PROJ\PROJEKAT\MODEL0\DEBUG\MODEL0.ILK
D:\RA207PROJ\PROJEKAT\MODEL0\DEBUG\MODEL0.PDB
D:\ra207proj\Projekat\model0\ProcessWavFile\Debug\cl.command.1.tlog
D:\ra207proj\Projekat\model0\ProcessWavFile\Debug\CL.read.1.tlog
D:\ra207proj\Projekat\model0\ProcessWavFile\Debug\CL.write.1.tlog
D:\ra207proj\Projekat\model0\ProcessWavFile\Debug\link.3032.read.1.tlog
D:\ra207proj\Projekat\model0\ProcessWavFile\Debug\link.3032.write.1.tlog
D:\ra207proj\Projekat\model0\ProcessWavFile\Debug\link.3032-cvtres.read.1.tlog
D:\ra207proj\Projekat\model0\ProcessWavFile\Debug\link.3032-cvtres.write.1.tlog
D:\ra207proj\Projekat\model0\ProcessWavFile\Debug\link.command.1.tlog
D:\ra207proj\Projekat\model0\ProcessWavFile\Debug\link.read.1.tlog
D:\ra207proj\Projekat\model0\ProcessWavFile\Debug\link.write.1.tlog
D:\ra207proj\Projekat\model0\ProcessWavFile\Debug\link-cvtres.read.1.tlog
D:\ra207proj\Projekat\model0\ProcessWavFile\Debug\link-cvtres.write.1.tlog
D:\RA207PROJ\PROJEKAT\MODEL0\PROCESSWAVFILE\DEBUG\MAIN.OBJ
D:\RA207PROJ\PROJEKAT\MODEL0\PROCESSWAVFILE\DEBUG\MODEL0.EXE.EMBED.MANIFEST
D:\RA207PROJ\PROJEKAT\MODEL0\PROCESSWAVFILE\DEBUG\MODEL0.EXE.EMBED.MANIFEST.RES
D:\RA207PROJ\PROJEKAT\MODEL0\PROCESSWAVFILE\DEBUG\MODEL0.EXE.INTERMEDIATE.MANIFEST
D:\ra207proj\Projekat\model0\ProcessWavFile\Debug\model0.write.1.tlog
D:\ra207proj\Projekat\model0\ProcessWavFile\Debug\model0_manifest.rc
D:\ra207proj\Projekat\model0\ProcessWavFile\Debug\mt.command.1.tlog
D:\ra207proj\Projekat\model0\ProcessWavFile\Debug\mt.read.1.tlog
D:\ra207proj\Projekat\model0\ProcessWavFile\Debug\mt.write.1.tlog
D:\RA207PROJ\PROJEKAT\MODEL0\PROCESSWAVFILE\DEBUG\PROCESSING.OBJ
D:\ra207proj\Projekat\model0\ProcessWavFile\Debug\rc.command.1.tlog
D:\ra207proj\Projekat\model0\ProcessWavFile\Debug\rc.read.1.tlog
D:\ra207proj\Projekat\model0\ProcessWavFile\Debug\rc.write.1.tlog
D:\ra207proj\Projekat\model0\ProcessWavFile\Debug\vc100.idb
D:\RA207PROJ\PROJEKAT\MODEL0\PROCESSWAVFILE\DEBUG\VC100.PDB
D:\RA207PROJ\PROJEKAT\MODEL0\PROCESSWAVFILE\DEBUG\WAVHEADER.OBJ
