D:\RA207PROJ\PROJEKAT\PROCESSWAVFILE\DEBUG\PROCESSWAVFILE.EXE
D:\RA207PROJ\PROJEKAT\PROCESSWAVFILE\DEBUG\PROCESSWAVFILE.ILK
D:\RA207PROJ\PROJEKAT\PROCESSWAVFILE\DEBUG\PROCESSWAVFILE.PDB
D:\ra207proj\Projekat\ProcessWavFile\ProcessWavFile\Debug\cl.command.1.tlog
D:\ra207proj\Projekat\ProcessWavFile\ProcessWavFile\Debug\CL.read.1.tlog
D:\ra207proj\Projekat\ProcessWavFile\ProcessWavFile\Debug\CL.write.1.tlog
D:\ra207proj\Projekat\ProcessWavFile\ProcessWavFile\Debug\link.5124.read.1.tlog
D:\ra207proj\Projekat\ProcessWavFile\ProcessWavFile\Debug\link.5124.write.1.tlog
D:\ra207proj\Projekat\ProcessWavFile\ProcessWavFile\Debug\link.5124-cvtres.read.1.tlog
D:\ra207proj\Projekat\ProcessWavFile\ProcessWavFile\Debug\link.5124-cvtres.write.1.tlog
D:\ra207proj\Projekat\ProcessWavFile\ProcessWavFile\Debug\link.command.1.tlog
D:\ra207proj\Projekat\ProcessWavFile\ProcessWavFile\Debug\link.read.1.tlog
D:\ra207proj\Projekat\ProcessWavFile\ProcessWavFile\Debug\link.write.1.tlog
D:\ra207proj\Projekat\ProcessWavFile\ProcessWavFile\Debug\link-cvtres.read.1.tlog
D:\ra207proj\Projekat\ProcessWavFile\ProcessWavFile\Debug\link-cvtres.write.1.tlog
D:\RA207PROJ\PROJEKAT\PROCESSWAVFILE\PROCESSWAVFILE\DEBUG\MAIN.OBJ
D:\ra207proj\Projekat\ProcessWavFile\ProcessWavFile\Debug\mt.command.1.tlog
D:\ra207proj\Projekat\ProcessWavFile\ProcessWavFile\Debug\mt.read.1.tlog
D:\ra207proj\Projekat\ProcessWavFile\ProcessWavFile\Debug\mt.write.1.tlog
D:\RA207PROJ\PROJEKAT\PROCESSWAVFILE\PROCESSWAVFILE\DEBUG\PROCESSING.OBJ
D:\RA207PROJ\PROJEKAT\PROCESSWAVFILE\PROCESSWAVFILE\DEBUG\PROCESSWAVFILE.EXE.EMBED.MANIFEST
D:\RA207PROJ\PROJEKAT\PROCESSWAVFILE\PROCESSWAVFILE\DEBUG\PROCESSWAVFILE.EXE.EMBED.MANIFEST.RES
D:\RA207PROJ\PROJEKAT\PROCESSWAVFILE\PROCESSWAVFILE\DEBUG\PROCESSWAVFILE.EXE.INTERMEDIATE.MANIFEST
D:\ra207proj\Projekat\ProcessWavFile\ProcessWavFile\Debug\ProcessWavFile.write.1.tlog
D:\ra207proj\Projekat\ProcessWavFile\ProcessWavFile\Debug\ProcessWavFile_manifest.rc
D:\ra207proj\Projekat\ProcessWavFile\ProcessWavFile\Debug\rc.command.1.tlog
D:\ra207proj\Projekat\ProcessWavFile\ProcessWavFile\Debug\rc.read.1.tlog
D:\ra207proj\Projekat\ProcessWavFile\ProcessWavFile\Debug\rc.write.1.tlog
D:\ra207proj\Projekat\ProcessWavFile\ProcessWavFile\Debug\vc100.idb
D:\RA207PROJ\PROJEKAT\PROCESSWAVFILE\PROCESSWAVFILE\DEBUG\VC100.PDB
D:\RA207PROJ\PROJEKAT\PROCESSWAVFILE\PROCESSWAVFILE\DEBUG\WAVHEADER.OBJ
