D:\ra207proj\Projekat\model1\Debug\model0.exe
D:\ra207proj\Projekat\model1\Debug\model0.ilk
D:\ra207proj\Projekat\model1\Debug\model0.pdb
D:\ra207proj\Projekat\model1\ProcessWavFile\Debug\cl.command.1.tlog
D:\ra207proj\Projekat\model1\ProcessWavFile\Debug\CL.read.1.tlog
D:\ra207proj\Projekat\model1\ProcessWavFile\Debug\CL.write.1.tlog
D:\ra207proj\Projekat\model1\ProcessWavFile\Debug\link.3776.read.1.tlog
D:\ra207proj\Projekat\model1\ProcessWavFile\Debug\link.3776.write.1.tlog
D:\ra207proj\Projekat\model1\ProcessWavFile\Debug\link.3776-cvtres.read.1.tlog
D:\ra207proj\Projekat\model1\ProcessWavFile\Debug\link.3776-cvtres.write.1.tlog
D:\ra207proj\Projekat\model1\ProcessWavFile\Debug\link.command.1.tlog
D:\ra207proj\Projekat\model1\ProcessWavFile\Debug\link.read.1.tlog
D:\ra207proj\Projekat\model1\ProcessWavFile\Debug\link.write.1.tlog
D:\ra207proj\Projekat\model1\ProcessWavFile\Debug\link-cvtres.read.1.tlog
D:\ra207proj\Projekat\model1\ProcessWavFile\Debug\link-cvtres.write.1.tlog
D:\ra207proj\Projekat\model1\ProcessWavFile\Debug\main.obj
D:\ra207proj\Projekat\model1\ProcessWavFile\Debug\model0.exe.embed.manifest
D:\ra207proj\Projekat\model1\ProcessWavFile\Debug\model0.exe.embed.manifest.res
D:\ra207proj\Projekat\model1\ProcessWavFile\Debug\model0.exe.intermediate.manifest
D:\ra207proj\Projekat\model1\ProcessWavFile\Debug\model0.write.1.tlog
D:\ra207proj\Projekat\model1\ProcessWavFile\Debug\model0_manifest.rc
D:\ra207proj\Projekat\model1\ProcessWavFile\Debug\mt.command.1.tlog
D:\ra207proj\Projekat\model1\ProcessWavFile\Debug\mt.read.1.tlog
D:\ra207proj\Projekat\model1\ProcessWavFile\Debug\mt.write.1.tlog
D:\ra207proj\Projekat\model1\ProcessWavFile\Debug\processing.obj
D:\ra207proj\Projekat\model1\ProcessWavFile\Debug\rc.command.1.tlog
D:\ra207proj\Projekat\model1\ProcessWavFile\Debug\rc.read.1.tlog
D:\ra207proj\Projekat\model1\ProcessWavFile\Debug\rc.write.1.tlog
D:\ra207proj\Projekat\model1\ProcessWavFile\Debug\vc100.idb
D:\ra207proj\Projekat\model1\ProcessWavFile\Debug\vc100.pdb
D:\ra207proj\Projekat\model1\ProcessWavFile\Debug\WAVheader.obj
D:\RA207PROJ\PROJEKAT\PROCESSWAVFILE\DEBUG\MODEL0.EXE
D:\RA207PROJ\PROJEKAT\PROCESSWAVFILE\DEBUG\MODEL0.ILK
D:\RA207PROJ\PROJEKAT\PROCESSWAVFILE\DEBUG\MODEL0.PDB
D:\RA207PROJ\PROJEKAT\PROCESSWAVFILE\PROCESSWAVFILE\DEBUG\MAIN.OBJ
D:\RA207PROJ\PROJEKAT\PROCESSWAVFILE\PROCESSWAVFILE\DEBUG\MODEL0.EXE.EMBED.MANIFEST
D:\RA207PROJ\PROJEKAT\PROCESSWAVFILE\PROCESSWAVFILE\DEBUG\MODEL0.EXE.EMBED.MANIFEST.RES
D:\RA207PROJ\PROJEKAT\PROCESSWAVFILE\PROCESSWAVFILE\DEBUG\MODEL0.EXE.INTERMEDIATE.MANIFEST
D:\RA207PROJ\PROJEKAT\PROCESSWAVFILE\PROCESSWAVFILE\DEBUG\PROCESSING.OBJ
D:\RA207PROJ\PROJEKAT\PROCESSWAVFILE\PROCESSWAVFILE\DEBUG\VC100.PDB
D:\RA207PROJ\PROJEKAT\PROCESSWAVFILE\PROCESSWAVFILE\DEBUG\WAVHEADER.OBJ
