D:\RA207PROJ\PROJEKAT\MODEL2\DEBUG\MODEL2.EXE
D:\RA207PROJ\PROJEKAT\MODEL2\DEBUG\MODEL2.ILK
D:\RA207PROJ\PROJEKAT\MODEL2\DEBUG\MODEL2.PDB
D:\ra207proj\Projekat\model2\ProcessWavFile\Debug\cl.command.1.tlog
D:\ra207proj\Projekat\model2\ProcessWavFile\Debug\CL.read.1.tlog
D:\ra207proj\Projekat\model2\ProcessWavFile\Debug\CL.write.1.tlog
D:\RA207PROJ\PROJEKAT\MODEL2\PROCESSWAVFILE\DEBUG\FIXED_POINT_MATH.OBJ
D:\ra207proj\Projekat\model2\ProcessWavFile\Debug\link.3368.read.1.tlog
D:\ra207proj\Projekat\model2\ProcessWavFile\Debug\link.3368.write.1.tlog
D:\ra207proj\Projekat\model2\ProcessWavFile\Debug\link.3368-cvtres.read.1.tlog
D:\ra207proj\Projekat\model2\ProcessWavFile\Debug\link.3368-cvtres.write.1.tlog
D:\ra207proj\Projekat\model2\ProcessWavFile\Debug\link.4388.read.1.tlog
D:\ra207proj\Projekat\model2\ProcessWavFile\Debug\link.4388.write.1.tlog
D:\ra207proj\Projekat\model2\ProcessWavFile\Debug\link.4388-cvtres.read.1.tlog
D:\ra207proj\Projekat\model2\ProcessWavFile\Debug\link.4388-cvtres.write.1.tlog
D:\ra207proj\Projekat\model2\ProcessWavFile\Debug\link.6600.read.1.tlog
D:\ra207proj\Projekat\model2\ProcessWavFile\Debug\link.6600.write.1.tlog
D:\ra207proj\Projekat\model2\ProcessWavFile\Debug\link.6600-cvtres.read.1.tlog
D:\ra207proj\Projekat\model2\ProcessWavFile\Debug\link.6600-cvtres.write.1.tlog
D:\ra207proj\Projekat\model2\ProcessWavFile\Debug\link.command.1.tlog
D:\ra207proj\Projekat\model2\ProcessWavFile\Debug\link.read.1.tlog
D:\ra207proj\Projekat\model2\ProcessWavFile\Debug\link.write.1.tlog
D:\ra207proj\Projekat\model2\ProcessWavFile\Debug\link-cvtres.read.1.tlog
D:\ra207proj\Projekat\model2\ProcessWavFile\Debug\link-cvtres.write.1.tlog
D:\RA207PROJ\PROJEKAT\MODEL2\PROCESSWAVFILE\DEBUG\MAIN.OBJ
D:\RA207PROJ\PROJEKAT\MODEL2\PROCESSWAVFILE\DEBUG\MODEL2.EXE.EMBED.MANIFEST
D:\RA207PROJ\PROJEKAT\MODEL2\PROCESSWAVFILE\DEBUG\MODEL2.EXE.EMBED.MANIFEST.RES
D:\RA207PROJ\PROJEKAT\MODEL2\PROCESSWAVFILE\DEBUG\MODEL2.EXE.INTERMEDIATE.MANIFEST
D:\ra207proj\Projekat\model2\ProcessWavFile\Debug\model2.write.1.tlog
D:\ra207proj\Projekat\model2\ProcessWavFile\Debug\model2_manifest.rc
D:\ra207proj\Projekat\model2\ProcessWavFile\Debug\mt.command.1.tlog
D:\ra207proj\Projekat\model2\ProcessWavFile\Debug\mt.read.1.tlog
D:\ra207proj\Projekat\model2\ProcessWavFile\Debug\mt.write.1.tlog
D:\RA207PROJ\PROJEKAT\MODEL2\PROCESSWAVFILE\DEBUG\PROCESSING.OBJ
D:\ra207proj\Projekat\model2\ProcessWavFile\Debug\ProcessWavFile.vcxprojResolveAssemblyReference.cache
D:\ra207proj\Projekat\model2\ProcessWavFile\Debug\rc.command.1.tlog
D:\ra207proj\Projekat\model2\ProcessWavFile\Debug\rc.read.1.tlog
D:\ra207proj\Projekat\model2\ProcessWavFile\Debug\rc.write.1.tlog
D:\RA207PROJ\PROJEKAT\MODEL2\PROCESSWAVFILE\DEBUG\STDFIX_EMU.OBJ
D:\ra207proj\Projekat\model2\ProcessWavFile\Debug\vc100.idb
D:\RA207PROJ\PROJEKAT\MODEL2\PROCESSWAVFILE\DEBUG\VC100.PDB
D:\RA207PROJ\PROJEKAT\MODEL2\PROCESSWAVFILE\DEBUG\WAVHEADER.OBJ
