D:\RA207PROJ\PROJEKAT\MODEL1\DEBUG\MODEL1.EXE
D:\RA207PROJ\PROJEKAT\MODEL1\DEBUG\MODEL1.ILK
D:\RA207PROJ\PROJEKAT\MODEL1\DEBUG\MODEL1.PDB
D:\ra207proj\Projekat\model1\ProcessWavFile\Debug\cl.command.1.tlog
D:\ra207proj\Projekat\model1\ProcessWavFile\Debug\CL.read.1.tlog
D:\ra207proj\Projekat\model1\ProcessWavFile\Debug\CL.write.1.tlog
D:\ra207proj\Projekat\model1\ProcessWavFile\Debug\link.7796.read.1.tlog
D:\ra207proj\Projekat\model1\ProcessWavFile\Debug\link.7796.write.1.tlog
D:\ra207proj\Projekat\model1\ProcessWavFile\Debug\link.7796-cvtres.read.1.tlog
D:\ra207proj\Projekat\model1\ProcessWavFile\Debug\link.7796-cvtres.write.1.tlog
D:\ra207proj\Projekat\model1\ProcessWavFile\Debug\link.command.1.tlog
D:\ra207proj\Projekat\model1\ProcessWavFile\Debug\link.read.1.tlog
D:\ra207proj\Projekat\model1\ProcessWavFile\Debug\link.write.1.tlog
D:\ra207proj\Projekat\model1\ProcessWavFile\Debug\link-cvtres.read.1.tlog
D:\ra207proj\Projekat\model1\ProcessWavFile\Debug\link-cvtres.write.1.tlog
D:\RA207PROJ\PROJEKAT\MODEL1\PROCESSWAVFILE\DEBUG\MAIN.OBJ
D:\RA207PROJ\PROJEKAT\MODEL1\PROCESSWAVFILE\DEBUG\MODEL1.EXE.EMBED.MANIFEST
D:\RA207PROJ\PROJEKAT\MODEL1\PROCESSWAVFILE\DEBUG\MODEL1.EXE.EMBED.MANIFEST.RES
D:\RA207PROJ\PROJEKAT\MODEL1\PROCESSWAVFILE\DEBUG\MODEL1.EXE.INTERMEDIATE.MANIFEST
D:\ra207proj\Projekat\model1\ProcessWavFile\Debug\model1.write.1.tlog
D:\ra207proj\Projekat\model1\ProcessWavFile\Debug\model1_manifest.rc
D:\ra207proj\Projekat\model1\ProcessWavFile\Debug\mt.command.1.tlog
D:\ra207proj\Projekat\model1\ProcessWavFile\Debug\mt.read.1.tlog
D:\ra207proj\Projekat\model1\ProcessWavFile\Debug\mt.write.1.tlog
D:\RA207PROJ\PROJEKAT\MODEL1\PROCESSWAVFILE\DEBUG\PROCESSING.OBJ
D:\ra207proj\Projekat\model1\ProcessWavFile\Debug\rc.command.1.tlog
D:\ra207proj\Projekat\model1\ProcessWavFile\Debug\rc.read.1.tlog
D:\ra207proj\Projekat\model1\ProcessWavFile\Debug\rc.write.1.tlog
D:\ra207proj\Projekat\model1\ProcessWavFile\Debug\vc100.idb
D:\RA207PROJ\PROJEKAT\MODEL1\PROCESSWAVFILE\DEBUG\VC100.PDB
D:\RA207PROJ\PROJEKAT\MODEL1\PROCESSWAVFILE\DEBUG\WAVHEADER.OBJ
