Build started 4.12.2018 17:36:00.
     1>Project "D:\ra207proj\Projekat\model2\ProcessWavFile\ProcessWavFile.vcxproj" on node 2 (build target(s)).
     1>InitializeBuildStatus:
         Creating "Debug\model2.unsuccessfulbuild" because "AlwaysCreate" was specified.
       ClCompile:
         C:\Program Files (x86)\Microsoft Visual Studio 10.0\VC\bin\CL.exe /c /ZI /nologo /W3 /WX- /Od /Oy- /D WIN32 /D _DEBUG /D _CONSOLE /Gm /EHsc /RTC1 /MDd /GS /fp:precise /Zc:wchar_t /Zc:forScope /Fo"Debug\\" /Fd"Debug\vc100.pdb" /Gd /TP /analyze- /errorReport:prompt processing.cpp
         processing.cpp
       ManifestResourceCompile:
         All outputs are up-to-date.
       Link:
         C:\Program Files (x86)\Microsoft Visual Studio 10.0\VC\bin\link.exe /ERRORREPORT:PROMPT /OUT:"D:\ra207proj\Projekat\model2\Debug\model2.exe" /INCREMENTAL /NOLOGO /MANIFEST /ManifestFile:"Debug\model2.exe.intermediate.manifest" /MANIFESTUAC:"level='asInvoker' uiAccess='false'" /DEBUG /PDB:"D:\ra207proj\Projekat\model2\Debug\model2.pdb" /SUBSYSTEM:CONSOLE /TLBID:1 /DYNAMICBASE /NXCOMPAT /IMPLIB:"D:\ra207proj\Projekat\model2\Debug\model2.lib" /MACHINE:X86 Debug\model2.exe.embed.manifest.res
         Debug\fixed_point_math.obj
         Debug\main.obj
         Debug\processing.obj
         Debug\stdfix_emu.obj
         Debug\WAVheader.obj
       Manifest:
         C:\Program Files (x86)\Microsoft SDKs\Windows\v7.0A\bin\mt.exe /nologo /verbose /out:"Debug\model2.exe.embed.manifest" /manifest Debug\model2.exe.intermediate.manifest "C:\Program Files (x86)\Microsoft Visual Studio 10.0\VC\Include\Manifest\dpiaware.manifest"
         All outputs are up-to-date.
       LinkEmbedManifest:
         All outputs are up-to-date.
         ProcessWavFile.vcxproj -> D:\ra207proj\Projekat\model2\Debug\model2.exe
       FinalizeBuildStatus:
         Deleting file "Debug\model2.unsuccessfulbuild".
         Touching "Debug\model2.lastbuildstate".
     1>Done Building Project "D:\ra207proj\Projekat\model2\ProcessWavFile\ProcessWavFile.vcxproj" (build target(s)).

Build succeeded.

Time Elapsed 00:00:00.60
